0 info it worked if it ends with ok
1 verbose cli [ 'node', '/usr/local/bin/npm', 'install' ]
2 info using npm@2.0.0-alpha-5
3 info using node@v0.10.29
4 verbose node symlink /usr/local/bin/node
5 warn package.json ui-markdown@0.0.1 No repository field.
6 verbose readDependencies using package.json deps
7 verbose install where, deps [ '/Users/andrew/src/github/Custom-Elements/ui-markdown',
7 verbose install   [ 'marked',
7 verbose install     'es6-promise',
7 verbose install     'polymer-build',
7 verbose install     'polymer',
7 verbose install     'ui-fonts',
7 verbose install     'ui-styles',
7 verbose install     'core-ajax' ] ]
8 info preinstall ui-markdown@0.0.1
9 verbose readDependencies using package.json deps
10 verbose cache add [ 'ui-fonts@git://github.com/custom-elements/ui-fonts#master',
10 verbose cache add   null ]
11 verbose cache add spec="ui-fonts@git://github.com/custom-elements/ui-fonts#master" args=["ui-fonts@git://github.com/custom-elements/ui-fonts#master",null]
12 verbose cache add [ 'ui-styles@git://github.com/custom-elements/ui-styles#master',
12 verbose cache add   null ]
13 verbose cache add spec="ui-styles@git://github.com/custom-elements/ui-styles#master" args=["ui-styles@git://github.com/custom-elements/ui-styles#master",null]
14 verbose cache add [ 'core-ajax@git://github.com/polymer/core-ajax#master', null ]
15 verbose cache add spec="core-ajax@git://github.com/polymer/core-ajax#master" args=["core-ajax@git://github.com/polymer/core-ajax#master",null]
16 verbose parsed spec { raw: 'ui-fonts@git://github.com/custom-elements/ui-fonts#master',
16 verbose parsed spec   scope: null,
16 verbose parsed spec   name: 'ui-fonts',
16 verbose parsed spec   rawSpec: 'git://github.com/custom-elements/ui-fonts#master',
16 verbose parsed spec   spec: 'git://github.com/custom-elements/ui-fonts#master',
16 verbose parsed spec   type: 'git' }
17 verbose addRemoteGit u="git://github.com/custom-elements/ui-fonts#master" silent=false
18 silly addRemoteGit parsed { protocol: 'git:',
18 silly addRemoteGit   slashes: true,
18 silly addRemoteGit   auth: null,
18 silly addRemoteGit   host: 'github.com',
18 silly addRemoteGit   port: null,
18 silly addRemoteGit   hostname: 'github.com',
18 silly addRemoteGit   hash: '#master',
18 silly addRemoteGit   search: '',
18 silly addRemoteGit   query: {},
18 silly addRemoteGit   pathname: '/custom-elements/ui-fonts',
18 silly addRemoteGit   path: '/custom-elements/ui-fonts',
18 silly addRemoteGit   href: 'git://github.com/custom-elements/ui-fonts#master' }
19 verbose parsed spec { raw: 'ui-styles@git://github.com/custom-elements/ui-styles#master',
19 verbose parsed spec   scope: null,
19 verbose parsed spec   name: 'ui-styles',
19 verbose parsed spec   rawSpec: 'git://github.com/custom-elements/ui-styles#master',
19 verbose parsed spec   spec: 'git://github.com/custom-elements/ui-styles#master',
19 verbose parsed spec   type: 'git' }
20 verbose addRemoteGit u="git://github.com/custom-elements/ui-styles#master" silent=false
21 silly addRemoteGit parsed { protocol: 'git:',
21 silly addRemoteGit   slashes: true,
21 silly addRemoteGit   auth: null,
21 silly addRemoteGit   host: 'github.com',
21 silly addRemoteGit   port: null,
21 silly addRemoteGit   hostname: 'github.com',
21 silly addRemoteGit   hash: '#master',
21 silly addRemoteGit   search: '',
21 silly addRemoteGit   query: {},
21 silly addRemoteGit   pathname: '/custom-elements/ui-styles',
21 silly addRemoteGit   path: '/custom-elements/ui-styles',
21 silly addRemoteGit   href: 'git://github.com/custom-elements/ui-styles#master' }
22 verbose parsed spec { raw: 'core-ajax@git://github.com/polymer/core-ajax#master',
22 verbose parsed spec   scope: null,
22 verbose parsed spec   name: 'core-ajax',
22 verbose parsed spec   rawSpec: 'git://github.com/polymer/core-ajax#master',
22 verbose parsed spec   spec: 'git://github.com/polymer/core-ajax#master',
22 verbose parsed spec   type: 'git' }
23 verbose addRemoteGit u="git://github.com/polymer/core-ajax#master" silent=false
24 silly addRemoteGit parsed { protocol: 'git:',
24 silly addRemoteGit   slashes: true,
24 silly addRemoteGit   auth: null,
24 silly addRemoteGit   host: 'github.com',
24 silly addRemoteGit   port: null,
24 silly addRemoteGit   hostname: 'github.com',
24 silly addRemoteGit   hash: '#master',
24 silly addRemoteGit   search: '',
24 silly addRemoteGit   query: {},
24 silly addRemoteGit   pathname: '/polymer/core-ajax',
24 silly addRemoteGit   path: '/polymer/core-ajax',
24 silly addRemoteGit   href: 'git://github.com/polymer/core-ajax#master' }
25 verbose already installed skipping marked@^0.3.2 /Users/andrew/src/github/Custom-Elements/ui-markdown
26 silly lockFile 469c26bd-hub-com-custom-elements-ui-fonts git://github.com/custom-elements/ui-fonts
27 verbose lock git://github.com/custom-elements/ui-fonts /Users/andrew/.npm/469c26bd-hub-com-custom-elements-ui-fonts.lock
28 silly lockFile 5fb058df-ub-com-custom-elements-ui-styles git://github.com/custom-elements/ui-styles
29 verbose lock git://github.com/custom-elements/ui-styles /Users/andrew/.npm/5fb058df-ub-com-custom-elements-ui-styles.lock
30 silly lockFile 0b777f82-git-github-com-polymer-core-ajax git://github.com/polymer/core-ajax
31 verbose lock git://github.com/polymer/core-ajax /Users/andrew/.npm/0b777f82-git-github-com-polymer-core-ajax.lock
32 verbose already installed skipping es6-promise@^1.0.0 /Users/andrew/src/github/Custom-Elements/ui-markdown
33 verbose addRemoteGit [ 'git://github.com/custom-elements/ui-fonts', 'master' ]
34 verbose addRemoteGit [ 'git://github.com/custom-elements/ui-styles', 'master' ]
35 verbose addRemoteGit [ 'git://github.com/polymer/core-ajax', 'master' ]
36 verbose cache add [ 'polymer@git://github.com/custom-elements/polymer#master',
36 verbose cache add   null ]
37 verbose cache add spec="polymer@git://github.com/custom-elements/polymer#master" args=["polymer@git://github.com/custom-elements/polymer#master",null]
38 verbose already installed skipping polymer-build@ /Users/andrew/src/github/Custom-Elements/ui-markdown
39 verbose parsed spec { raw: 'polymer@git://github.com/custom-elements/polymer#master',
39 verbose parsed spec   scope: null,
39 verbose parsed spec   name: 'polymer',
39 verbose parsed spec   rawSpec: 'git://github.com/custom-elements/polymer#master',
39 verbose parsed spec   spec: 'git://github.com/custom-elements/polymer#master',
39 verbose parsed spec   type: 'git' }
40 verbose addRemoteGit u="git://github.com/custom-elements/polymer#master" silent=false
41 silly addRemoteGit parsed { protocol: 'git:',
41 silly addRemoteGit   slashes: true,
41 silly addRemoteGit   auth: null,
41 silly addRemoteGit   host: 'github.com',
41 silly addRemoteGit   port: null,
41 silly addRemoteGit   hostname: 'github.com',
41 silly addRemoteGit   hash: '#master',
41 silly addRemoteGit   search: '',
41 silly addRemoteGit   query: {},
41 silly addRemoteGit   pathname: '/custom-elements/polymer',
41 silly addRemoteGit   path: '/custom-elements/polymer',
41 silly addRemoteGit   href: 'git://github.com/custom-elements/polymer#master' }
42 silly lockFile 7db8806a-thub-com-custom-elements-polymer git://github.com/custom-elements/polymer
43 verbose lock git://github.com/custom-elements/polymer /Users/andrew/.npm/7db8806a-thub-com-custom-elements-polymer.lock
44 verbose git remote.origin.url git://github.com/custom-elements/ui-fonts
45 verbose addRemoteGit [ 'git://github.com/custom-elements/polymer', 'master' ]
46 verbose git remote.origin.url git://github.com/custom-elements/ui-styles
47 verbose git remote.origin.url git://github.com/custom-elements/polymer
48 verbose git fetch -a origin (git://github.com/custom-elements/ui-styles)
49 verbose git fetch -a origin (git://github.com/custom-elements/polymer)
50 verbose git fetch -a origin (git://github.com/custom-elements/ui-fonts)
51 verbose git rev-list -n1 master fe6341c29ebf9a414e3bafeb185f8a2d6834fae6
52 verbose resolved git url git://github.com/custom-elements/ui-styles#fe6341c29ebf9a414e3bafeb185f8a2d6834fae6
53 verbose git rev-list -n1 master 27f394ad6b31bc9a30dae59b049a65456e03e21b
54 verbose resolved git url git://github.com/custom-elements/ui-fonts#27f394ad6b31bc9a30dae59b049a65456e03e21b
55 verbose git rev-list -n1 master b9c78bfcfebca80d6832f5e2382e1ae5e5e33285
56 verbose resolved git url git://github.com/custom-elements/polymer#b9c78bfcfebca80d6832f5e2382e1ae5e5e33285
57 verbose tar unpack /var/folders/p9/h4t6sgs51qz5yxxjtm4sjww40000gp/T/npm-83478-t9BSV4Ut/1406673630095-0.8658583192154765/tmp.tgz
58 silly lockFile 8306c33e--8658583192154765-tmp-tgz-unpack tar:///var/folders/p9/h4t6sgs51qz5yxxjtm4sjww40000gp/T/npm-83478-t9BSV4Ut/1406673630095-0.8658583192154765/tmp.tgz-unpack
59 verbose lock tar:///var/folders/p9/h4t6sgs51qz5yxxjtm4sjww40000gp/T/npm-83478-t9BSV4Ut/1406673630095-0.8658583192154765/tmp.tgz-unpack /Users/andrew/.npm/8306c33e--8658583192154765-tmp-tgz-unpack.lock
60 silly lockFile f047ef7b-30095-0-8658583192154765-tmp-tgz tar:///var/folders/p9/h4t6sgs51qz5yxxjtm4sjww40000gp/T/npm-83478-t9BSV4Ut/1406673630095-0.8658583192154765/tmp.tgz
61 verbose lock tar:///var/folders/p9/h4t6sgs51qz5yxxjtm4sjww40000gp/T/npm-83478-t9BSV4Ut/1406673630095-0.8658583192154765/tmp.tgz /Users/andrew/.npm/f047ef7b-30095-0-8658583192154765-tmp-tgz.lock
62 verbose gentlyRm vacuuming /var/folders/p9/h4t6sgs51qz5yxxjtm4sjww40000gp/T/npm-83478-t9BSV4Ut/1406673630095-0.8658583192154765/tmp.tgz-unpack
63 silly gunzTarPerm modes [ '755', '644' ]
64 silly gunzTarPerm extractEntry
65 silly gunzTarPerm modified mode [ '', 509, 493 ]
66 silly gunzTarPerm extractEntry .gitignore
67 silly gunzTarPerm modified mode [ '.gitignore', 436, 420 ]
68 silly gunzTarPerm extractEntry README.md
69 silly gunzTarPerm modified mode [ 'README.md', 436, 420 ]
70 silly gunzTarPerm extractEntry code-typography.less
71 silly gunzTarPerm modified mode [ 'code-typography.less', 436, 420 ]
72 silly gunzTarPerm extractEntry inverted.less
73 silly gunzTarPerm modified mode [ 'inverted.less', 436, 420 ]
74 silly gunzTarPerm extractEntry keyframes.less
75 silly gunzTarPerm modified mode [ 'keyframes.less', 436, 420 ]
76 silly gunzTarPerm extractEntry normalize.less
77 silly gunzTarPerm modified mode [ 'normalize.less', 436, 420 ]
78 silly gunzTarPerm extractEntry package.json
79 silly gunzTarPerm modified mode [ 'package.json', 436, 420 ]
80 silly gunzTarPerm extractEntry typography.less
81 silly gunzTarPerm modified mode [ 'typography.less', 436, 420 ]
82 silly gunzTarPerm extractEntry ui-styles.html
83 silly gunzTarPerm modified mode [ 'ui-styles.html', 436, 420 ]
84 silly gunzTarPerm extractEntry ui-styles.less
85 silly gunzTarPerm modified mode [ 'ui-styles.less', 436, 420 ]
86 silly gunzTarPerm extractEntry variables.less
87 silly gunzTarPerm modified mode [ 'variables.less', 436, 420 ]
88 silly gunzTarPerm extractEntry visual-elements.less
89 silly gunzTarPerm modified mode [ 'visual-elements.less', 436, 420 ]
90 silly lockFile 8306c33e--8658583192154765-tmp-tgz-unpack tar:///var/folders/p9/h4t6sgs51qz5yxxjtm4sjww40000gp/T/npm-83478-t9BSV4Ut/1406673630095-0.8658583192154765/tmp.tgz-unpack
91 silly lockFile 8306c33e--8658583192154765-tmp-tgz-unpack tar:///var/folders/p9/h4t6sgs51qz5yxxjtm4sjww40000gp/T/npm-83478-t9BSV4Ut/1406673630095-0.8658583192154765/tmp.tgz-unpack
92 silly lockFile f047ef7b-30095-0-8658583192154765-tmp-tgz tar:///var/folders/p9/h4t6sgs51qz5yxxjtm4sjww40000gp/T/npm-83478-t9BSV4Ut/1406673630095-0.8658583192154765/tmp.tgz
93 silly lockFile f047ef7b-30095-0-8658583192154765-tmp-tgz tar:///var/folders/p9/h4t6sgs51qz5yxxjtm4sjww40000gp/T/npm-83478-t9BSV4Ut/1406673630095-0.8658583192154765/tmp.tgz
94 verbose tar unpack /var/folders/p9/h4t6sgs51qz5yxxjtm4sjww40000gp/T/npm-83478-t9BSV4Ut/1406673630099-0.02935308706946671/tmp.tgz
95 silly lockFile 682ac395-02935308706946671-tmp-tgz-unpack tar:///var/folders/p9/h4t6sgs51qz5yxxjtm4sjww40000gp/T/npm-83478-t9BSV4Ut/1406673630099-0.02935308706946671/tmp.tgz-unpack
96 verbose lock tar:///var/folders/p9/h4t6sgs51qz5yxxjtm4sjww40000gp/T/npm-83478-t9BSV4Ut/1406673630099-0.02935308706946671/tmp.tgz-unpack /Users/andrew/.npm/682ac395-02935308706946671-tmp-tgz-unpack.lock
97 silly lockFile 072fe4f9-0099-0-02935308706946671-tmp-tgz tar:///var/folders/p9/h4t6sgs51qz5yxxjtm4sjww40000gp/T/npm-83478-t9BSV4Ut/1406673630099-0.02935308706946671/tmp.tgz
98 verbose lock tar:///var/folders/p9/h4t6sgs51qz5yxxjtm4sjww40000gp/T/npm-83478-t9BSV4Ut/1406673630099-0.02935308706946671/tmp.tgz /Users/andrew/.npm/072fe4f9-0099-0-02935308706946671-tmp-tgz.lock
99 verbose gentlyRm vacuuming /var/folders/p9/h4t6sgs51qz5yxxjtm4sjww40000gp/T/npm-83478-t9BSV4Ut/1406673630099-0.02935308706946671/tmp.tgz-unpack
100 silly gunzTarPerm modes [ '755', '644' ]
101 silly lockFile 5fb058df-ub-com-custom-elements-ui-styles git://github.com/custom-elements/ui-styles
102 silly lockFile 5fb058df-ub-com-custom-elements-ui-styles git://github.com/custom-elements/ui-styles
103 silly gunzTarPerm extractEntry
104 silly gunzTarPerm modified mode [ '', 509, 493 ]
105 silly gunzTarPerm extractEntry .gitignore
106 silly gunzTarPerm modified mode [ '.gitignore', 436, 420 ]
107 silly gunzTarPerm extractEntry README.md
108 silly gunzTarPerm modified mode [ 'README.md', 436, 420 ]
109 silly gunzTarPerm extractEntry anonymous-pro.less
110 silly gunzTarPerm modified mode [ 'anonymous-pro.less', 436, 420 ]
111 silly gunzTarPerm extractEntry bin/
112 silly gunzTarPerm modified mode [ 'bin/', 509, 493 ]
113 silly gunzTarPerm extractEntry bin/fontify.litcoffee
114 silly gunzTarPerm modified mode [ 'bin/fontify.litcoffee', 509, 493 ]
115 silly gunzTarPerm extractEntry fonts.html
116 silly gunzTarPerm modified mode [ 'fonts.html', 436, 420 ]
117 silly gunzTarPerm extractEntry fonts/
118 silly gunzTarPerm modified mode [ 'fonts/', 509, 493 ]
119 silly gunzTarPerm extractEntry fonts/anonymous-pro-bold-italic.woff
120 silly gunzTarPerm modified mode [ 'fonts/anonymous-pro-bold-italic.woff', 436, 420 ]
121 silly gunzTarPerm extractEntry fonts/anonymous-pro-bold.woff
122 silly gunzTarPerm modified mode [ 'fonts/anonymous-pro-bold.woff', 436, 420 ]
123 silly gunzTarPerm extractEntry fonts/anonymous-pro-italic.woff
124 silly gunzTarPerm modified mode [ 'fonts/anonymous-pro-italic.woff', 436, 420 ]
125 silly gunzTarPerm extractEntry fonts/anonymous-pro-normal.woff
126 silly gunzTarPerm modified mode [ 'fonts/anonymous-pro-normal.woff', 436, 420 ]
127 silly gunzTarPerm extractEntry fonts/font-awesome.woff
128 silly gunzTarPerm modified mode [ 'fonts/font-awesome.woff', 436, 420 ]
129 silly gunzTarPerm extractEntry package.json
130 silly gunzTarPerm modified mode [ 'package.json', 436, 420 ]
131 silly lockFile 682ac395-02935308706946671-tmp-tgz-unpack tar:///var/folders/p9/h4t6sgs51qz5yxxjtm4sjww40000gp/T/npm-83478-t9BSV4Ut/1406673630099-0.02935308706946671/tmp.tgz-unpack
132 silly lockFile 682ac395-02935308706946671-tmp-tgz-unpack tar:///var/folders/p9/h4t6sgs51qz5yxxjtm4sjww40000gp/T/npm-83478-t9BSV4Ut/1406673630099-0.02935308706946671/tmp.tgz-unpack
133 silly lockFile 072fe4f9-0099-0-02935308706946671-tmp-tgz tar:///var/folders/p9/h4t6sgs51qz5yxxjtm4sjww40000gp/T/npm-83478-t9BSV4Ut/1406673630099-0.02935308706946671/tmp.tgz
134 silly lockFile 072fe4f9-0099-0-02935308706946671-tmp-tgz tar:///var/folders/p9/h4t6sgs51qz5yxxjtm4sjww40000gp/T/npm-83478-t9BSV4Ut/1406673630099-0.02935308706946671/tmp.tgz
135 silly lockFile 469c26bd-hub-com-custom-elements-ui-fonts git://github.com/custom-elements/ui-fonts
136 silly lockFile 469c26bd-hub-com-custom-elements-ui-fonts git://github.com/custom-elements/ui-fonts
137 verbose tar unpack /var/folders/p9/h4t6sgs51qz5yxxjtm4sjww40000gp/T/npm-83478-t9BSV4Ut/1406673630099-0.733954242663458/tmp.tgz
138 silly lockFile 76e5cb93-0-733954242663458-tmp-tgz-unpack tar:///var/folders/p9/h4t6sgs51qz5yxxjtm4sjww40000gp/T/npm-83478-t9BSV4Ut/1406673630099-0.733954242663458/tmp.tgz-unpack
139 verbose lock tar:///var/folders/p9/h4t6sgs51qz5yxxjtm4sjww40000gp/T/npm-83478-t9BSV4Ut/1406673630099-0.733954242663458/tmp.tgz-unpack /Users/andrew/.npm/76e5cb93-0-733954242663458-tmp-tgz-unpack.lock
140 silly lockFile e7403a8b-630099-0-733954242663458-tmp-tgz tar:///var/folders/p9/h4t6sgs51qz5yxxjtm4sjww40000gp/T/npm-83478-t9BSV4Ut/1406673630099-0.733954242663458/tmp.tgz
141 verbose lock tar:///var/folders/p9/h4t6sgs51qz5yxxjtm4sjww40000gp/T/npm-83478-t9BSV4Ut/1406673630099-0.733954242663458/tmp.tgz /Users/andrew/.npm/e7403a8b-630099-0-733954242663458-tmp-tgz.lock
142 verbose gentlyRm vacuuming /var/folders/p9/h4t6sgs51qz5yxxjtm4sjww40000gp/T/npm-83478-t9BSV4Ut/1406673630099-0.733954242663458/tmp.tgz-unpack
143 silly gunzTarPerm modes [ '755', '644' ]
144 silly gunzTarPerm extractEntry
145 silly gunzTarPerm modified mode [ '', 509, 493 ]
146 silly gunzTarPerm extractEntry README.md
147 silly gunzTarPerm modified mode [ 'README.md', 436, 420 ]
148 silly gunzTarPerm extractEntry layout.html
149 silly gunzTarPerm modified mode [ 'layout.html', 436, 420 ]
150 silly gunzTarPerm extractEntry package.json
151 silly gunzTarPerm modified mode [ 'package.json', 436, 420 ]
152 silly gunzTarPerm extractEntry platform.js
153 silly gunzTarPerm modified mode [ 'platform.js', 436, 420 ]
154 silly gunzTarPerm extractEntry platform.js.map
155 silly gunzTarPerm modified mode [ 'platform.js.map', 436, 420 ]
156 silly gunzTarPerm extractEntry polymer.html
157 silly gunzTarPerm modified mode [ 'polymer.html', 436, 420 ]
158 verbose git clone git://github.com/polymer/core-ajax Cloning into bare repository '/Users/andrew/.npm/_git-remotes/git-github-com-polymer-core-ajax-0b777f82'...
159 silly gunzTarPerm extractEntry polymer.js
160 silly gunzTarPerm modified mode [ 'polymer.js', 436, 420 ]
161 silly gunzTarPerm extractEntry polymer.js.map
162 silly gunzTarPerm modified mode [ 'polymer.js.map', 436, 420 ]
163 verbose git fetch -a origin (git://github.com/polymer/core-ajax)
164 verbose git rev-list -n1 master 7c827ff02e8f18465452d873633a1ea3537589b5
165 verbose resolved git url git://github.com/polymer/core-ajax#7c827ff02e8f18465452d873633a1ea3537589b5
166 verbose tar unpack /var/folders/p9/h4t6sgs51qz5yxxjtm4sjww40000gp/T/npm-83478-t9BSV4Ut/1406673630546-0.6161761831026524/tmp.tgz
167 silly lockFile a0773800--6161761831026524-tmp-tgz-unpack tar:///var/folders/p9/h4t6sgs51qz5yxxjtm4sjww40000gp/T/npm-83478-t9BSV4Ut/1406673630546-0.6161761831026524/tmp.tgz-unpack
168 verbose lock tar:///var/folders/p9/h4t6sgs51qz5yxxjtm4sjww40000gp/T/npm-83478-t9BSV4Ut/1406673630546-0.6161761831026524/tmp.tgz-unpack /Users/andrew/.npm/a0773800--6161761831026524-tmp-tgz-unpack.lock
169 silly lockFile cc3a9859-30546-0-6161761831026524-tmp-tgz tar:///var/folders/p9/h4t6sgs51qz5yxxjtm4sjww40000gp/T/npm-83478-t9BSV4Ut/1406673630546-0.6161761831026524/tmp.tgz
170 verbose lock tar:///var/folders/p9/h4t6sgs51qz5yxxjtm4sjww40000gp/T/npm-83478-t9BSV4Ut/1406673630546-0.6161761831026524/tmp.tgz /Users/andrew/.npm/cc3a9859-30546-0-6161761831026524-tmp-tgz.lock
171 verbose gentlyRm vacuuming /var/folders/p9/h4t6sgs51qz5yxxjtm4sjww40000gp/T/npm-83478-t9BSV4Ut/1406673630546-0.6161761831026524/tmp.tgz-unpack
172 silly gunzTarPerm modes [ '755', '644' ]
173 silly gunzTarPerm extractEntry
174 silly gunzTarPerm modified mode [ '', 509, 493 ]
175 silly gunzTarPerm extractEntry README.md
176 silly gunzTarPerm modified mode [ 'README.md', 436, 420 ]
177 silly gunzTarPerm extractEntry bower.json
178 silly gunzTarPerm modified mode [ 'bower.json', 436, 420 ]
179 silly gunzTarPerm extractEntry core-ajax.html
180 silly gunzTarPerm modified mode [ 'core-ajax.html', 436, 420 ]
181 silly gunzTarPerm extractEntry core-xhr.html
182 silly gunzTarPerm modified mode [ 'core-xhr.html', 436, 420 ]
183 silly gunzTarPerm extractEntry demo.html
184 silly gunzTarPerm modified mode [ 'demo.html', 436, 420 ]
185 silly gunzTarPerm extractEntry index.html
186 silly gunzTarPerm modified mode [ 'index.html', 436, 420 ]
187 silly lockFile a0773800--6161761831026524-tmp-tgz-unpack tar:///var/folders/p9/h4t6sgs51qz5yxxjtm4sjww40000gp/T/npm-83478-t9BSV4Ut/1406673630546-0.6161761831026524/tmp.tgz-unpack
188 silly lockFile a0773800--6161761831026524-tmp-tgz-unpack tar:///var/folders/p9/h4t6sgs51qz5yxxjtm4sjww40000gp/T/npm-83478-t9BSV4Ut/1406673630546-0.6161761831026524/tmp.tgz-unpack
189 silly lockFile cc3a9859-30546-0-6161761831026524-tmp-tgz tar:///var/folders/p9/h4t6sgs51qz5yxxjtm4sjww40000gp/T/npm-83478-t9BSV4Ut/1406673630546-0.6161761831026524/tmp.tgz
190 silly lockFile cc3a9859-30546-0-6161761831026524-tmp-tgz tar:///var/folders/p9/h4t6sgs51qz5yxxjtm4sjww40000gp/T/npm-83478-t9BSV4Ut/1406673630546-0.6161761831026524/tmp.tgz
191 silly lockFile 0b777f82-git-github-com-polymer-core-ajax git://github.com/polymer/core-ajax
192 silly lockFile 0b777f82-git-github-com-polymer-core-ajax git://github.com/polymer/core-ajax
193 error Error: ENOENT, open '/var/folders/p9/h4t6sgs51qz5yxxjtm4sjww40000gp/T/npm-83478-t9BSV4Ut/1406673630546-0.6161761831026524/tmp.tgz-unpack/package.json'
194 error If you need help, you may report this *entire* log,
194 error including the npm and node versions, at:
194 error     <http://github.com/npm/npm/issues>
195 error System Darwin 13.3.0
196 error command "node" "/usr/local/bin/npm" "install"
197 error cwd /Users/andrew/src/github/Custom-Elements/ui-markdown
198 error node -v v0.10.29
199 error npm -v 2.0.0-alpha-5
200 error path /var/folders/p9/h4t6sgs51qz5yxxjtm4sjww40000gp/T/npm-83478-t9BSV4Ut/1406673630546-0.6161761831026524/tmp.tgz-unpack/package.json
201 error code ENOENT
202 error errno 34
203 verbose exit [ 34, true ]
